[    0.000000] Linux version 4.15.0-124-generic (buildd@lgw01-amd64-029) (gcc version 7.5.0 (Ubuntu 7.5.0-3ubuntu1~18.04)) #127-Ubuntu SMP Fri Nov 6 10:54:43 UTC 2020 (Ubuntu 4.15.0-124.127-generic 4.15.18)
[    0.000000] Command line: BOOT_IMAGE=/boot/vmlinuz-4.15.0-124-generic root=LABEL=cloudimg-rootfs ro console=tty1 console=ttyS0
[    0.000000] KERNEL supported cpus:
[    0.000000]   Intel GenuineIntel
[    0.000000]   AMD AuthenticAMD
[    0.000000]   Centaur CentaurHauls
[    0.000000] x86/fpu: Supporting XSAVE feature 0x001: 'x87 floating point registers'
[    0.000000] x86/fpu: Supporting XSAVE feature 0x002: 'SSE registers'
[    0.000000] x86/fpu: Supporting XSAVE feature 0x004: 'AVX registers'
[    0.000000] x86/fpu: xstate_offset[2]:  576, xstate_sizes[2]:  256
[    0.000000] x86/fpu: Enabled xstate features 0x7, context size is 832 bytes, using 'standard' format.
[    0.000000] e820: BIOS-provided physical RAM map:
[    0.000000] BIOS-e820: [mem 0x0000000000000000-0x000000000009fbff] usable
[    0.000000] BIOS-e820: [mem 0x000000000009fc00-0x000000000009ffff] reserved
[    0.000000] BIOS-e820: [mem 0x00000000000f0000-0x00000000000fffff] reserved
[    0.000000] BIOS-e820: [mem 0x0000000000100000-0x000000003ffeffff] usable
[    0.000000] BIOS-e820: [mem 0x000000003fff0000-0x000000003fffffff] ACPI data
[    0.000000] BIOS-e820: [mem 0x00000000fec00000-0x00000000fec00fff] reserved
[    0.000000] BIOS-e820: [mem 0x00000000fee00000-0x00000000fee00fff] reserved
[    0.000000] BIOS-e820: [mem 0x00000000fffc0000-0x00000000ffffffff] reserved
[    0.000000] NX (Execute Disable) protection: active
[    0.000000] SMBIOS 2.5 present.
[    0.000000] DMI: innotek GmbH VirtualBox/VirtualBox, BIOS VirtualBox 12/01/2006
[    0.000000] Hypervisor detected: KVM
[    0.000000] e820: last_pfn = 0x3fff0 max_arch_pfn = 0x400000000
[    0.000000] MTRR: Disabled
[    0.000000] x86/PAT: MTRRs disabled, skipping PAT initialization too.
[    0.000000] CPU MTRRs all blank - virtualized system.
[    0.000000] x86/PAT: Configuration [0-7]: WB  WT  UC- UC  WB  WT  UC- UC  
[    0.000000] found SMP MP-table at [mem 0x0009fff0-0x0009ffff]
[    0.000000] Scanning 1 areas for low memory corruption
[    0.000000] RAMDISK: [mem 0x35a67000-0x36d2afff]
[    0.000000] ACPI: Early table checksum verification disabled
[    0.000000] ACPI: RSDP 0x00000000000E0000 000024 (v02 VBOX  )
[    0.000000] ACPI: XSDT 0x000000003FFF0030 00003C (v01 VBOX   VBOXXSDT 00000001 ASL  00000061)
[    0.000000] ACPI: FACP 0x000000003FFF00F0 0000F4 (v04 VBOX   VBOXFACP 00000001 ASL  00000061)
[    0.000000] ACPI: DSDT 0x000000003FFF0470 002325 (v02 VBOX   VBOXBIOS 00000002 INTL 20180105)
[    0.000000] ACPI: FACS 0x000000003FFF0200 000040
[    0.000000] ACPI: FACS 0x000000003FFF0200 000040
[    0.000000] ACPI: APIC 0x000000003FFF0240 00005C (v02 VBOX   VBOXAPIC 00000001 ASL  00000061)
[    0.000000] ACPI: SSDT 0x000000003FFF02A0 0001CC (v01 VBOX   VBOXCPUT 00000002 INTL 20180105)
[    0.000000] No NUMA configuration found
[    0.000000] Faking a node at [mem 0x0000000000000000-0x000000003ffeffff]
[    0.000000] NODE_DATA(0) allocated [mem 0x3ffc5000-0x3ffeffff]
[    0.000000] kvm-clock: cpu 0, msr 0:3ff44001, primary cpu clock
[    0.000000] kvm-clock: Using msrs 4b564d01 and 4b564d00
[    0.000000] kvm-clock: using sched offset of 3351062667 cycles
[    0.000000] clocksource: kvm-clock: mask: 0xffffffffffffffff max_cycles: 0x1cd42e4dffb, max_idle_ns: 881590591483 ns
[    0.000000] Zone ranges:
[    0.000000]   DMA      [mem 0x0000000000001000-0x0000000000ffffff]
[    0.000000]   DMA32    [mem 0x0000000001000000-0x000000003ffeffff]
[    0.000000]   Normal   empty
[    0.000000]   Device   empty
[    0.000000] Movable zone start for each node
[    0.000000] Early memory node ranges
[    0.000000]   node   0: [mem 0x0000000000001000-0x000000000009efff]
[    0.000000]   node   0: [mem 0x0000000000100000-0x000000003ffeffff]
[    0.000000] Reserved but unavailable: 98 pages
[    0.000000] Initmem setup node 0 [mem 0x0000000000001000-0x000000003ffeffff]
[    0.000000] ACPI: PM-Timer IO Port: 0x4008
[    0.000000] IOAPIC[0]: apic_id 2, version 32, address 0xfec00000, GSI 0-23
[    0.000000] ACPI: INT_SRC_OVR (bus 0 bus_irq 0 global_irq 2 dfl dfl)
[    0.000000] ACPI: INT_SRC_OVR (bus 0 bus_irq 9 global_irq 9 low level)
[    0.000000] Using ACPI (MADT) for SMP configuration information
[    0.000000] smpboot: Allowing 2 CPUs, 0 hotplug CPUs
[    0.000000] PM: Registered nosave memory: [mem 0x00000000-0x00000fff]
[    0.000000] PM: Registered nosave memory: [mem 0x0009f000-0x0009ffff]
[    0.000000] PM: Registered nosave memory: [mem 0x000a0000-0x000effff]
[    0.000000] PM: Registered nosave memory: [mem 0x000f0000-0x000fffff]
[    0.000000] e820: [mem 0x40000000-0xfebfffff] available for PCI devices
[    0.000000] Booting paravirtualized kernel on KVM
[    0.000000] clocksource: refined-jiffies: mask: 0xffffffff max_cycles: 0xffffffff, max_idle_ns: 7645519600211568 ns
[    0.000000] random: get_random_bytes called from start_kernel+0x99/0x500 with crng_init=0
[    0.000000] setup_percpu: NR_CPUS:8192 nr_cpumask_bits:2 nr_cpu_ids:2 nr_node_ids:1
[    0.000000] percpu: Embedded 45 pages/cpu s147456 r8192 d28672 u1048576
[    0.000000] PV qspinlock hash table entries: 256 (order: 0, 4096 bytes)
[    0.000000] Built 1 zonelists, mobility grouping on.  Total pages: 257913
[    0.000000] Policy zone: DMA32
[    0.000000] Kernel command line: BOOT_IMAGE=/boot/vmlinuz-4.15.0-124-generic root=LABEL=cloudimg-rootfs ro console=tty1 console=ttyS0
[    0.000000] Memory: 983032K/1048120K available (12300K kernel code, 2482K rwdata, 4272K rodata, 2436K init, 2724K bss, 65088K reserved, 0K cma-reserved)
[    0.000000] SLUB: HWalign=64, Order=0-3, MinObjects=0, CPUs=2, Nodes=1
[    0.000000] Kernel/User page tables isolation: enabled
[    0.000000] ftrace: allocating 39402 entries in 154 pages
[    0.004000] Hierarchical RCU implementation.
[    0.004000] 	RCU restricting CPUs from NR_CPUS=8192 to nr_cpu_ids=2.
[    0.004000] 	Tasks RCU enabled.
[    0.004000] RCU: Adjusting geometry for rcu_fanout_leaf=16, nr_cpu_ids=2
[    0.004000] NR_IRQS: 524544, nr_irqs: 440, preallocated irqs: 16
[    0.004000] Console: colour VGA+ 80x25
[    0.004000] console [tty1] enabled
[    0.004000] console [ttyS0] enabled
[    0.004000] ACPI: Core revision 20170831
[    0.004000] ACPI: 2 ACPI AML tables successfully acquired and loaded
[    0.004000] APIC: Switch to symmetric I/O mode setup
[    0.004000] x2apic enabled
[    0.004000] Switched APIC routing to physical x2apic.
[    0.004000] ..TIMER: vector=0x30 apic1=0 pin1=2 apic2=-1 pin2=-1
[    0.004000] tsc: Detected 2712.000 MHz processor
[    0.004000] Calibrating delay loop (skipped) preset value.. 5424.00 BogoMIPS (lpj=10848000)
[    0.004003] pid_max: default: 32768 minimum: 301
[    0.004492] Security Framework initialized
[    0.004924] Yama: becoming mindful.
[    0.005374] AppArmor: AppArmor initialized
[    0.006226] Dentry cache hash table entries: 131072 (order: 8, 1048576 bytes)
[    0.006950] Inode-cache hash table entries: 65536 (order: 7, 524288 bytes)
[    0.007618] Mount-cache hash table entries: 2048 (order: 2, 16384 bytes)
[    0.008003] Mountpoint-cache hash table entries: 2048 (order: 2, 16384 bytes)
[    0.008878] Last level iTLB entries: 4KB 64, 2MB 8, 4MB 8
[    0.009462] Last level dTLB entries: 4KB 64, 2MB 0, 4MB 0, 1GB 4
[    0.010048] Spectre V1 : Mitigation: usercopy/swapgs barriers and __user pointer sanitization
[    0.010884] Spectre V2 : Mitigation: Full generic retpoline
[    0.011433] Spectre V2 : Spectre v2 / SpectreRSB mitigation: Filling RSB on context switch
[    0.012001] Speculative Store Bypass: Vulnerable
[    0.012500] SRBDS: Unknown: Dependent on hypervisor status
[    0.013085] MDS: Mitigation: Clear CPU buffers
[    0.013649] Freeing SMP alternatives memory: 36K
[    0.123914] smpboot: CPU0: Intel(R) Xeon(R) E-2176M  CPU @ 2.70GHz (family: 0x6, model: 0x9e, stepping: 0xa)
[    0.124000] Performance Events: unsupported p6 CPU model 158 no PMU driver, software events only.
[    0.124000] Hierarchical SRCU implementation.
[    0.124000] NMI watchdog: Perf event create on CPU 0 failed with -2
[    0.124000] NMI watchdog: Perf NMI watchdog permanently disabled
[    0.124030] smp: Bringing up secondary CPUs ...
[    0.124555] x86: Booting SMP configuration:
[    0.124993] .... node  #0, CPUs:      #1
[    0.004000] kvm-clock: cpu 1, msr 0:3ff44041, secondary cpu clock
[    0.128013] smp: Brought up 1 node, 2 CPUs
[    0.128438] smpboot: Max logical packages: 1
[    0.128887] smpboot: Total of 2 processors activated (10848.00 BogoMIPS)
[    0.129622] devtmpfs: initialized
[    0.129622] x86/mm: Memory block size: 128MB
[    0.129622] evm: security.selinux
[    0.132003] evm: security.SMACK64
[    0.132361] evm: security.SMACK64EXEC
[    0.132748] evm: security.SMACK64TRANSMUTE
[    0.133181] evm: security.SMACK64MMAP
[    0.133609] evm: security.apparmor
[    0.133975] evm: security.ima
[    0.134302] evm: security.capability
[    0.134714] clocksource: jiffies: mask: 0xffffffff max_cycles: 0xffffffff, max_idle_ns: 7645041785100000 ns
[    0.134714] futex hash table entries: 512 (order: 3, 32768 bytes)
[    0.136341] pinctrl core: initialized pinctrl subsystem
[    0.136940] RTC time: 22:23:36, date: 03/12/21
[    0.137522] NET: Registered protocol family 16
[    0.138034] audit: initializing netlink subsys (disabled)
[    0.138592] audit: type=2000 audit(1615587821.033:1): state=initialized audit_enabled=0 res=1
[    0.138592] cpuidle: using governor ladder
[    0.140007] cpuidle: using governor menu
[    0.140445] ACPI: bus type PCI registered
[    0.140867] acpiphp: ACPI Hot Plug PCI Controller Driver version: 0.5
[    0.141564] PCI: Using configuration type 1 for base access
[    0.142144] HugeTLB registered 2.00 MiB page size, pre-allocated 0 pages
[    0.144054] ACPI: Added _OSI(Module Device)
[    0.144494] ACPI: Added _OSI(Processor Device)
[    0.144954] ACPI: Added _OSI(3.0 _SCP Extensions)
[    0.145437] ACPI: Added _OSI(Processor Aggregator Device)
[    0.145976] ACPI: Added _OSI(Linux-Dell-Video)
[    0.146432] ACPI: Added _OSI(Linux-Lenovo-NV-HDMI-Audio)
[    0.146964] ACPI: Added _OSI(Linux-HPI-Hybrid-Graphics)
[    0.147662] ACPI: Executed 1 blocks of module-level executable AML code
[    0.150166] ACPI: Interpreter enabled
[    0.150571] ACPI: (supports S0 S5)
[    0.150935] ACPI: Using IOAPIC for interrupt routing
[    0.152041] PCI: Using host bridge windows from ACPI; if necessary, use "pci=nocrs" and report a bug
[    0.153037] ACPI: Enabled 2 GPEs in block 00 to 07
[    0.157421] ACPI: PCI Root Bridge [PCI0] (domain 0000 [bus 00-ff])
[    0.158044] acpi PNP0A03:00: _OSC: OS supports [ASPM ClockPM Segments MSI]
[    0.159020] acpi PNP0A03:00: _OSC: not requesting OS control; OS requires [ExtendedConfig ASPM ClockPM MSI]
[    0.159973] acpi PNP0A03:00: fail to add MMCONFIG information, can't access extended PCI configuration space under this bridge.
[    0.160239] PCI host bridge to bus 0000:00
[    0.160666] pci_bus 0000:00: root bus resource [io  0x0000-0x0cf7 window]
[    0.161323] pci_bus 0000:00: root bus resource [io  0x0d00-0xffff window]
[    0.161980] pci_bus 0000:00: root bus resource [mem 0x000a0000-0x000bffff window]
[    0.162728] pci_bus 0000:00: root bus resource [mem 0x40000000-0xfdffffff window]
[    0.164002] pci_bus 0000:00: root bus resource [bus 00-ff]
[    0.165655] pci 0000:00:01.1: legacy IDE quirk: reg 0x10: [io  0x01f0-0x01f7]
[    0.166344] pci 0000:00:01.1: legacy IDE quirk: reg 0x14: [io  0x03f6]
[    0.166984] pci 0000:00:01.1: legacy IDE quirk: reg 0x18: [io  0x0170-0x0177]
[    0.168002] pci 0000:00:01.1: legacy IDE quirk: reg 0x1c: [io  0x0376]
[    0.177918] pci 0000:00:07.0: quirk: [io  0x4000-0x403f] claimed by PIIX4 ACPI
[    0.178732] pci 0000:00:07.0: quirk: [io  0x4100-0x410f] claimed by PIIX4 SMB
[    0.182407] ACPI: PCI Interrupt Link [LNKA] (IRQs 5 9 10 *11)
[    0.183192] ACPI: PCI Interrupt Link [LNKB] (IRQs 5 9 *10 11)
[    0.184077] ACPI: PCI Interrupt Link [LNKC] (IRQs 5 *9 10 11)
[    0.184745] ACPI: PCI Interrupt Link [LNKD] (IRQs 5 9 10 *11)
[    0.185602] SCSI subsystem initialized
[    0.186047] pci 0000:00:02.0: vgaarb: setting as boot VGA device
[    0.186047] pci 0000:00:02.0: vgaarb: VGA device added: decodes=io+mem,owns=io+mem,locks=none
[    0.186047] pci 0000:00:02.0: vgaarb: bridge control possible
[    0.188006] vgaarb: loaded
[    0.188332] ACPI: bus type USB registered
[    0.188875] usbcore: registered new interface driver usbfs
[    0.189441] usbcore: registered new interface driver hub
[    0.190028] usbcore: registered new device driver usb
[    0.190627] EDAC MC: Ver: 3.0.0
[    0.190627] PCI: Using ACPI for IRQ routing
[    0.192178] NetLabel: Initializing
[    0.192548] NetLabel:  domain hash size = 128
[    0.193005] NetLabel:  protocols = UNLABELED CIPSOv4 CALIPSO
[    0.193582] NetLabel:  unlabeled traffic allowed by default
[    0.194151] clocksource: Switched to clocksource kvm-clock
[    0.200037] VFS: Disk quotas dquot_6.6.0
[    0.200539] VFS: Dquot-cache hash table entries: 512 (order 0, 4096 bytes)
[    0.201264] AppArmor: AppArmor Filesystem Enabled
[    0.201760] pnp: PnP ACPI init
[    0.202726] pnp: PnP ACPI: found 3 devices
[    0.210367] clocksource: acpi_pm: mask: 0xffffff max_cycles: 0xffffff, max_idle_ns: 2085701024 ns
[    0.211332] NET: Registered protocol family 2
[    0.211894] TCP established hash table entries: 8192 (order: 4, 65536 bytes)
[    0.212605] TCP bind hash table entries: 8192 (order: 5, 131072 bytes)
[    0.213573] TCP: Hash tables configured (established 8192 bind 8192)
[    0.214216] UDP hash table entries: 512 (order: 2, 16384 bytes)
[    0.214805] UDP-Lite hash table entries: 512 (order: 2, 16384 bytes)
[    0.215462] NET: Registered protocol family 1
[    0.215930] pci 0000:00:00.0: Limiting direct PCI/PCI transfers
[    0.216542] pci 0000:00:01.0: Activating ISA DMA hang workarounds
[    0.217163] pci 0000:00:02.0: Video device with shadowed ROM at [mem 0x000c0000-0x000dffff]
[    0.218041] Unpacking initramfs...
[    0.412616] Freeing initrd memory: 19216K
[    0.413172] clocksource: tsc: mask: 0xffffffffffffffff max_cycles: 0x2717868ea45, max_idle_ns: 440795316085 ns
[    0.414141] platform rtc_cmos: registered platform RTC device (no PNP device found)
[    0.414892] Scanning for low memory corruption every 60 seconds
[    0.416098] Initialise system trusted keyrings
[    0.416555] Key type blacklist registered
[    0.417045] workingset: timestamp_bits=36 max_order=18 bucket_order=0
[    0.418296] zbud: loaded
[    0.418936] squashfs: version 4.0 (2009/01/31) Phillip Lougher
[    0.419730] fuse init (API version 7.26)
[    0.421590] Key type asymmetric registered
[    0.422006] Asymmetric key parser 'x509' registered
[    0.422497] Block layer SCSI generic (bsg) driver version 0.4 loaded (major 246)
[    0.423302] io scheduler noop registered
[    0.423701] io scheduler deadline registered
[    0.424151] io scheduler cfq registered (default)
[    0.424826] ACPI: AC Adapter [AC] (on-line)
[    0.425277] input: Power Button as /devices/LNXSYSTM:00/LNXPWRBN:00/input/input0
[    0.426065] ACPI: Power Button [PWRF]
[    0.426477] input: Sleep Button as /devices/LNXSYSTM:00/LNXSLPBN:00/input/input1
[    0.427244] ACPI: Sleep Button [SLPF]
[    0.428342] ACPI: Battery Slot [BAT0] (battery present)
[    0.428872] Serial: 8250/16550 driver, 32 ports, IRQ sharing enabled
[    0.449890] 00:02: ttyS0 at I/O 0x3f8 (irq = 4, base_baud = 115200) is a 16550A
[    0.452972] Linux agpgart interface v0.103
[    0.454509] loop: module loaded
[    0.455183] scsi host0: ata_piix
[    0.455614] scsi host1: ata_piix
[    0.455975] ata1: PATA max UDMA/33 cmd 0x1f0 ctl 0x3f6 bmdma 0xd000 irq 14
[    0.456658] ata2: PATA max UDMA/33 cmd 0x170 ctl 0x376 bmdma 0xd008 irq 15
[    0.457365] libphy: Fixed MDIO Bus: probed
[    0.457780] tun: Universal TUN/TAP device driver, 1.6
[    0.458431] PPP generic driver version 2.4.2
[    0.459215] ehci_hcd: USB 2.0 'Enhanced' Host Controller (EHCI) Driver
[    0.459876] ehci-pci: EHCI PCI platform driver
[    0.460350] ehci-platform: EHCI generic platform driver
[    0.460862] ohci_hcd: USB 1.1 'Open' Host Controller (OHCI) Driver
[    0.461449] ohci-pci: OHCI PCI platform driver
[    0.461895] ohci-platform: OHCI generic platform driver
[    0.462405] uhci_hcd: USB Universal Host Controller Interface driver
[    0.463046] i8042: PNP: PS/2 Controller [PNP0303:PS2K,PNP0f03:PS2M] at 0x60,0x64 irq 1,12
[    0.464171] serio: i8042 KBD port at 0x60,0x64 irq 1
[    0.464677] serio: i8042 AUX port at 0x60,0x64 irq 12
[    0.465307] mousedev: PS/2 mouse device common for all mice
[    0.466370] input: AT Translated Set 2 keyboard as /devices/platform/i8042/serio0/input/input2
[    0.467486] rtc_cmos rtc_cmos: rtc core: registered rtc_cmos as rtc0
[    0.468177] rtc_cmos rtc_cmos: alarms up to one day, 114 bytes nvram
[    0.468839] i2c /dev entries driver
[    0.469243] device-mapper: uevent: version 1.0.3
[    0.469876] device-mapper: ioctl: 4.37.0-ioctl (2017-09-20) initialised: dm-devel@redhat.com
[    0.470724] ledtrig-cpu: registered to indicate activity on CPUs
[    0.471584] NET: Registered protocol family 10
[    0.474392] Segment Routing with IPv6
[    0.474789] NET: Registered protocol family 17
[    0.475353] Key type dns_resolver registered
[    0.475911] mce: Using 0 MCE banks
[    0.476305] RAS: Correctable Errors collector initialized.
[    0.476885] sched_clock: Marking stable (476287790, 0)->(568390174, -92102384)
[    0.477985] registered taskstats version 1
[    0.478422] Loading compiled-in X.509 certificates
[    0.480503] Loaded X.509 cert 'Build time autogenerated kernel key: be62403dcace2d46f96dafa9f42421c610ef3c2a'
[    0.481499] zswap: loaded using pool lzo/zbud
[    0.484560] Key type big_key registered
[    0.485037] Key type trusted registered
[    0.486618] Key type encrypted registered
[    0.487047] AppArmor: AppArmor sha1 policy hashing enabled
[    0.487629] ima: No TPM chip found, activating TPM-bypass! (rc=-19)
[    0.488346] ima: Allocated hash algorithm: sha1
[    0.488846] evm: HMAC attrs: 0x1
[    0.489382]   Magic number: 13:41:401
[    0.489867] rtc_cmos rtc_cmos: setting system clock to 2021-03-12 22:23:36 UTC (1615587816)
[    0.490759] BIOS EDD facility v0.16 2004-Jun-25, 0 devices found
[    0.491379] EDD information not available.
[    0.652285] Freeing unused kernel image memory: 2436K
[    1.444091] Write protecting the kernel read-only data: 20480k
[    1.445046] Freeing unused kernel image memory: 2008K
[    1.445820] Freeing unused kernel image memory: 1872K
[    1.451749] x86/mm: Checked W+X mappings: passed, no W+X pages found.
[    1.452630] x86/mm: Checking user space page tables
[    1.459112] x86/mm: Checked W+X mappings: passed, no W+X pages found.
Loading, please wait...
starting version 237
[    1.519030] e1000: Intel(R) PRO/1000 Network Driver - version 7.3.21-k8-NAPI
[    1.519914] e1000: Copyright (c) 1999-2006 Intel Corporation.
[    1.522516] Fusion MPT base driver 3.04.20
[    1.523050] Copyright (c) 1999-2008 LSI Corporation
[    1.530722] Fusion MPT SPI Host driver 3.04.20
[    1.537890] AVX2 version of gcm_enc/dec engaged.
[    1.538497] AES CTR mode by8 optimization enabled
[    1.733205] input: ImExPS/2 Generic Explorer Mouse as /devices/platform/i8042/serio1/input/input4
[    1.887005] e1000 0000:00:03.0 eth0: (PCI:33MHz:32-bit) 02:60:71:1d:34:36
[    1.887843] e1000 0000:00:03.0 eth0: Intel(R) PRO/1000 Network Connection
[    1.889137] mptbase: ioc0: Initiating bringup
[    1.889345] e1000 0000:00:03.0 enp0s3: renamed from eth0
[    2.533367] ioc0: LSI53C1030 A0: Capabilities={Initiator}
[    6.552058] scsi host2: ioc0: LSI53C1030 A0, FwRev=00000000h, Ports=1, MaxQ=256, IRQ=20
[    8.570143] scsi 2:0:0:0: Direct-Access     VBOX     HARDDISK         1.0  PQ: 0 ANSI: 5
[    9.364422] scsi target2:0:0: Beginning Domain Validation
[    9.368158] scsi target2:0:0: Domain Validation skipping write tests
[    9.370756] scsi target2:0:0: Ending Domain Validation
[    9.373093] scsi target2:0:0: asynchronous
[    9.376808] scsi 2:0:1:0: Direct-Access     VBOX     HARDDISK         1.0  PQ: 0 ANSI: 5
[    9.641102] scsi target2:0:1: Beginning Domain Validation
[    9.649492] scsi target2:0:1: Domain Validation skipping write tests
[    9.652469] scsi target2:0:1: Ending Domain Validation
[    9.654607] random: fast init done
[    9.655979] scsi target2:0:1: asynchronous
[    9.661591] random: systemd-udevd: uninitialized urandom read (16 bytes read)
[    9.661628] sd 2:0:0:0: Attached scsi generic sg0 type 0
[    9.663113] random: systemd-udevd: uninitialized urandom read (16 bytes read)
[    9.665385] random: systemd-udevd: uninitialized urandom read (16 bytes read)
[    9.666868] sd 2:0:0:0: [sda] 20971520 512-byte logical blocks: (10.7 GB/10.0 GiB)
[    9.666869] sd 2:0:1:0: Attached scsi generic sg1 type 0
[    9.669177] sd 2:0:0:0: [sda] Write Protect is off
[    9.670098] sd 2:0:1:0: [sdb] 20480 512-byte logical blocks: (10.5 MB/10.0 MiB)
[    9.671407] sd 2:0:0:0: [sda] Incomplete mode parameter data
[    9.672265] sd 2:0:0:0: [sda] Assuming drive cache: write through
[    9.673172] sd 2:0:1:0: [sdb] Write Protect is off
[    9.674123] sd 2:0:1:0: [sdb] Incomplete mode parameter data
[    9.674903] sd 2:0:1:0: [sdb] Assuming drive cache: write through
[    9.677520]  sda: sda1
[    9.678637] sd 2:0:0:0: [sda] Attached SCSI disk
[    9.679391] sd 2:0:1:0: [sdb] Attached SCSI disk
Begin: Loading essential drivers ... [   11.872599] raid6: sse2x1   gen() 18118 MB/s
[   11.923152] raid6: sse2x1   xor()  9359 MB/s
[   11.968789] raid6: sse2x2   gen() 16366 MB/s
[   12.016306] raid6: sse2x2   xor()  9502 MB/s
[   12.068256] raid6: sse2x4   gen() 19030 MB/s
[   12.124528] raid6: sse2x4   xor() 12552 MB/s
[   12.188092] raid6: avx2x1   gen() 35345 MB/s
[   12.236306] raid6: avx2x1   xor() 17435 MB/s
[   12.289991] raid6: avx2x2   gen() 35037 MB/s
[   12.336651] raid6: avx2x2   xor() 20191 MB/s
[   12.387242] raid6: avx2x4   gen() 41424 MB/s
[   12.452041] raid6: avx2x4   xor() 26093 MB/s
[   12.452553] raid6: using algorithm avx2x4 gen() 41424 MB/s
[   12.453110] raid6: .... xor() 26093 MB/s, rmw enabled
[   12.453627] raid6: using avx2x2 recovery algorithm
[   12.455176] xor: automatically using best checksumming function   avx       
[   12.456716] async_tx: api initialized (async)
done.
Begin: Running /scripts/init-premount ... done.
Begin: Mounting root file system ... Begin: Running /scripts/local-top ... done.
Begin: Running /scripts/local-premount ... [   12.487643] Btrfs loaded, crc32c=crc32c-intel
Scanning for Btrfs filesystems
done.
Warning: fsck not present, so skipping root file system
[   12.511096] EXT4-fs (sda1): mounted filesystem with ordered data mode. Opts: (null)
done.
Begin: Running /scripts/local-bottom ... done.
Begin: Running /scripts/init-bottom ... done.
[   12.695596] ip_tables: (C) 2000-2006 Netfilter Core Team
[   12.705433] systemd[1]: systemd 237 running in system mode. (+PAM +AUDIT +SELINUX +IMA +APPARMOR +SMACK +SYSVINIT +UTMP +LIBCRYPTSETUP +GCRYPT +GNUTLS +ACL +XZ +LZ4 +SECCOMP +BLKID +ELFUTILS +KMOD -IDN2 +IDN -PCRE2 default-hierarchy=hybrid)
[   12.711629] systemd[1]: Detected virtualization oracle.
[   12.712683] systemd[1]: Detected architecture x86-64.

Welcome to [1mUbuntu 18.04.5 LTS[0m!

[   12.719223] systemd[1]: Set hostname to <ubuntu>.
[   12.723674] systemd[1]: Initializing machine ID from random generator.
[   12.725007] systemd[1]: Installed transient /etc/machine-id file.
[   13.699639] systemd[1]: Started Forward Password Requests to Wall Directory Watch.
[[0;32m  OK  [0m] Started Forward Password Requests to Wall Directory Watch.
[   13.701064] systemd[1]: Reached target Swap.
[[0;32m  OK  [0m] Reached target Swap.
[   13.701905] systemd[1]: Set up automount Arbitrary Executable File Formats File System Automount Point.
[[0;32m  OK  [0m] Set up automount Arbitrary Executab…rmats File System Automount Point.
[   13.704307] systemd[1]: Created slice User and Session Slice.
[[0;32m  OK  [0m] Created slice User and Session Slice.
[[0;32m  OK  [0m] Created slice System Slice.
[[0;32m  OK  [0m] Listening on /dev/initctl Compatibility Named Pipe.
[[0;32m  OK  [0m] Listening on udev Control Socket.
[[0;32m  OK  [0m] Listening on Device-mapper event daemon FIFOs.
[[0;32m  OK  [0m] Listening on Journal Socket.
         Mounting POSIX Message Queue File System...
         Starting Load Kernel Modules...
         Starting Remount Root and Kernel File Systems...
[[0;32m  OK  [0m] Listening on LVM2 metadata daemon socket.
[[0;32m  OK  [0m] Listening on Journal Socket (/dev/log).
[[0;32m  OK  [0m] Listening on Network Service Netlink Socket.
         Starting Monitoring of LVM2 mirrors…ng dmeventd or progress polling...
         Mounting Huge Pages File System...
         Mounting Kernel Debug File System...
[[0;32m  OK  [0m] Created slice system-serial\x2dgetty.slice.
         Starting Set the console keyboard layout...
         Starting Create list of required st…ce nodes for the current kernel...
[[0;32m  OK  [0m] Listening on Syslog Socket.
[[0;32m  OK  [0m] Reached target System Time Synchronized.
[[0;32m  OK  [0m] Listening on Journal Audit Socket.
[[0;32m  OK  [0m] Reached target Slices.
[[0;32m  OK  [0m] Listening on udev Kernel Socket.
         Starting udev Coldplug all Devices...
         Starting Journal Service...
[[0;32m  OK  [0m] Reached target User and Group Name Lookups.
         Starting Uncomplicated firewall...
[[0;32m  OK  [0m] Listening on LVM2 poll daemon socket.
[   13.735106] Loading iSCSI transport class v2.0-870.
[   13.739573] iscsi: registered transport (tcp)
[   13.751204] iscsi: registered transport (iser)
[[0;32m  OK  [0m] Started Load Kernel Modules.
         Mounting FUSE Control File System...
         Starting Apply Kernel Variables...
         Mounting Kernel Configuration File System...
[[0;32m  OK  [0m] Started LVM2 metadata daemon.
[[0;32m  OK  [0m] Mounted Kernel Configuration File System.
[[0;32m  OK  [0m] Mounted Huge Pages File System.
[[0;32m  OK  [0m] Mounted POSIX Message Queue File System.
[[0;32m  OK  [0m] Mounted Kernel Debug File System.
[[0;32m  OK  [0m] Started Create list of required sta…vice nodes for the current kernel.
[[0;32m  OK  [0m] Mounted FUSE Control File System.
         Starting Create Static Device Nodes in /dev...
[[0;32m  OK  [0m] Started Uncomplicated firewall.
[[0;32m  OK  [0m] Started Journal Service.
[[0;32m  OK  [0m] Started udev Coldplug all Devices.
[[0;32m  OK  [0m] Started Remount Root and Kernel File Systems.
         Starting Flush Journal to Persistent Storage...
         Starting Load/Save Random Seed...
[[0;32m  OK  [0m] Started Monitoring of LVM2 mirrors,…sing dmeventd or progress polling.
[[0;32m  OK  [0m] Started Apply Kernel Variables.
[[0;32m  OK  [0m] Started Load/Save Random Seed.
[[0;32m  OK  [0m] Started Create Static Device Nodes in /dev.
         Starting udev Kernel Device Manager...
[[0;32m  OK  [0m] Started Flush Journal to Persistent Storage.
[[0;32m  OK  [0m] Started udev Kernel Device Manager.
[[0;32m  OK  [0m] Found device /dev/ttyS0.
[[0;32m  OK  [0m] Listening on Load/Save RF Kill Switch Status /dev/rfkill Watch.
[[0;32m  OK  [0m] Started Set the console keyboard layout.
[[0;32m  OK  [0m] Reached target Local File Systems (Pre).
[[0;32m  OK  [0m] Reached target Local File Systems.
         Starting Commit a transient machine-id on disk...
         Starting AppArmor initialization...
         Starting Set console font and keymap...
         Starting ebtables ruleset management...
         Starting Tell Plymouth To Write Out Runtime Data...
         Starting Create Volatile Files and Directories...
[[0;32m  OK  [0m] Started Dispatch Password Requests to Console Directory Watch.
[[0;32m  OK  [0m] Reached target Local Encrypted Volumes.
[[0;32m  OK  [0m] Started Set console font and keymap.
[[0;32m  OK  [0m] Started Tell Plymouth To Write Out Runtime Data.
[[0;32m  OK  [0m] Started Create Volatile Files and Directories.
         Starting Update UTMP about System Boot/Shutdown...
[[0;32m  OK  [0m] Started Commit a transient machine-id on disk.
[[0;32m  OK  [0m] Started Update UTMP about System Boot/Shutdown.
[[0;32m  OK  [0m] Started ebtables ruleset management.
[[0;32m  OK  [0m] Started AppArmor initialization.
         Starting Load AppArmor profiles managed internally by snapd...
         Starting Initial cloud-init job (pre-networking)...
[[0;32m  OK  [0m] Started Load AppArmor profiles managed internally by snapd.
[   15.977976] cloud-init[686]: Cloud-init v. 20.3-2-g371b392c-0ubuntu1~18.04.1 running 'init-local' at Fri, 12 Mar 2021 22:23:51 +0000. Up 15.71 seconds.
[[0;32m  OK  [0m] Started Initial cloud-init job (pre-networking).
[[0;32m  OK  [0m] Reached target Network (Pre).
         Starting Network Service...
[[0;32m  OK  [0m] Started Network Service.
         Starting Network Name Resolution...
         Starting Wait for Network to be Configured...
[[0;32m  OK  [0m] Started Network Name Resolution.
[[0;32m  OK  [0m] Reached target Network.
[[0;32m  OK  [0m] Reached target Host and Network Name Lookups.
[[0;32m  OK  [0m] Started Wait for Network to be Configured.
         Starting Initial cloud-init job (metadata service crawler)...
[   18.059716] cloud-init[819]: Cloud-init v. 20.3-2-g371b392c-0ubuntu1~18.04.1 running 'init' at Fri, 12 Mar 2021 22:23:53 +0000. Up 17.97 seconds.
[   18.060642] cloud-init[819]: ci-info: ++++++++++++++++++++++++++++++++++++++Net device info++++++++++++++++++++++++++++++++++++++
[   18.061436] cloud-init[819]: ci-info: +--------+------+----------------------------+---------------+--------+-------------------+
[   18.062230] cloud-init[819]: ci-info: | Device |  Up  |          Address           |      Mask     | Scope  |     Hw-Address    |
[   18.063042] cloud-init[819]: ci-info: +--------+------+----------------------------+---------------+--------+-------------------+
[   18.063831] cloud-init[819]: ci-info: | enp0s3 | True |         10.0.2.15          | 255.255.255.0 | global | 02:60:71:1d:34:36 |
[   18.064638] cloud-init[819]: ci-info: | enp0s3 | True | fe80::60:71ff:fe1d:3436/64 |       .       |  link  | 02:60:71:1d:34:36 |
[   18.065437] cloud-init[819]: ci-info: |   lo   | True |         127.0.0.1          |   255.0.0.0   |  host  |         .         |
[   18.066293] cloud-init[819]: ci-info: |   lo   | True |          ::1/128           |       .       |  host  |         .         |
[   18.067088] cloud-init[819]: ci-info: +--------+------+----------------------------+---------------+--------+-------------------+
[   18.067861] cloud-init[819]: ci-info: ++++++++++++++++++++++++++++Route IPv4 info+++++++++++++++++++++++++++++
[   18.068553] cloud-init[819]: ci-info: +-------+-------------+----------+-----------------+-----------+-------+
[   18.069233] cloud-init[819]: ci-info: | Route | Destination | Gateway  |     Genmask     | Interface | Flags |
[   18.070044] cloud-init[819]: ci-info: +-------+-------------+----------+-----------------+-----------+-------+
[   18.070799] cloud-init[819]: ci-info: |   0   |   0.0.0.0   | 10.0.2.2 |     0.0.0.0     |   enp0s3  |   UG  |
[   18.071540] cloud-init[819]: ci-info: |   1   |   10.0.2.0  | 0.0.0.0  |  255.255.255.0  |   enp0s3  |   U   |
[   18.072310] cloud-init[819]: ci-info: |   2   |   10.0.2.2  | 0.0.0.0  | 255.255.255.255 |   enp0s3  |   UH  |
[   18.073037] cloud-init[819]: ci-info: +-------+-------------+----------+-----------------+-----------+-------+
[   18.073788] cloud-init[819]: ci-info: +++++++++++++++++++Route IPv6 info+++++++++++++++++++
[   18.074379] cloud-init[819]: ci-info: +-------+-------------+---------+-----------+-------+
[   18.074977] cloud-init[819]: ci-info: | Route | Destination | Gateway | Interface | Flags |
[   18.075568] cloud-init[819]: ci-info: +-------+-------------+---------+-----------+-------+
[   18.076178] cloud-init[819]: ci-info: |   1   |  fe80::/64  |    ::   |   enp0s3  |   U   |
[   18.076783] cloud-init[819]: ci-info: |   3   |    local    |    ::   |   enp0s3  |   U   |
[   18.077364] cloud-init[819]: ci-info: |   4   |   ff00::/8  |    ::   |   enp0s3  |   U   |
[   18.077924] cloud-init[819]: ci-info: +-------+-------------+---------+-----------+-------+
[   18.742191] cloud-init[819]: Generating public/private rsa key pair.
[   18.742783] cloud-init[819]: Your identification has been saved in /etc/ssh/ssh_host_rsa_key.
[   18.743418] cloud-init[819]: Your public key has been saved in /etc/ssh/ssh_host_rsa_key.pub.
[   18.744096] cloud-init[819]: The key fingerprint is:
[   18.744608] cloud-init[819]: SHA256:H+s81ED21ARFhJM6cKYagNxZfq4fMM5qI4vgwXtuK9Y root@ubuntu-bionic
[   18.745276] cloud-init[819]: The key's randomart image is:
[   18.745692] cloud-init[819]: +---[RSA 2048]----+
[   18.746073] cloud-init[819]: | . o o.     .X=  |
[   18.746450] cloud-init[819]: |  o +.  . = = .  |
[   18.746875] cloud-init[819]: |     .. .B + .   |
[   18.747250] cloud-init[819]: |      .o. + .    |
[   18.747610] cloud-init[819]: |      ooS .+     |
[   18.747975] cloud-init[819]: |.    o.+ ..o.    |
[   18.748365] cloud-init[819]: |.o.   + ..o      |
[   18.748776] cloud-init[819]: |o++Eo. . +.      |
[   18.749165] cloud-init[819]: |oo**o.  . o.     |
[   18.749632] cloud-init[819]: +----[SHA256]-----+
[   18.750081] cloud-init[819]: Generating public/private dsa key pair.
[   18.750742] cloud-init[819]: Your identification has been saved in /etc/ssh/ssh_host_dsa_key.
[   18.751503] cloud-init[819]: Your public key has been saved in /etc/ssh/ssh_host_dsa_key.pub.
[   18.752336] cloud-init[819]: The key fingerprint is:
[   18.752776] cloud-init[819]: SHA256:YI/u2NQq3Hn2ZnSNPd5b939VXfhunOpwNfFQK1lNyU4 root@ubuntu-bionic
[   18.753553] cloud-init[819]: The key's randomart image is:
[   18.754013] cloud-init[819]: +---[DSA 1024]----+
[   18.754374] cloud-init[819]: |              .+=|
[   18.754733] cloud-init[819]: |              +E+|
[   18.755103] cloud-init[819]: |      o      o++o|
[   18.755462] cloud-init[819]: |     . +      .o*|
[   18.755822] cloud-init[819]: |      . S    + =+|
[   18.756200] cloud-init[819]: |     . .  . o =.*|
[   18.756554] cloud-init[819]: |   . .o... o o.++|
[   18.756908] cloud-init[819]: |    o=o.o o o.. *|
[   18.757268] cloud-init[819]: |    ..+o +. .. .*|
[   18.757623] cloud-init[819]: +----[SHA256]-----+
[   18.757980] cloud-init[819]: Generating public/private ecdsa key pair.
[   18.758462] cloud-init[819]: Your identification has been saved in /etc/ssh/ssh_host_ecdsa_key.
[   18.759085] cloud-init[819]: Your public key has been saved in /etc/ssh/ssh_host_ecdsa_key.pub.
[   18.759739] cloud-init[819]: The key fingerprint is:
[   18.760149] cloud-init[819]: SHA256:ZieAdHMVNEatmSbJZG5rdwQDi6rbA5XF6Jf5MamCn3E root@ubuntu-bionic
[   18.761096] cloud-init[819]: The key's randomart image is:
[   18.761550] cloud-init[819]: +---[ECDSA 256]---+
[   18.761963] cloud-init[819]: |    .oo o=Bo     |
[   18.762338] cloud-init[819]: |   ..oo+ooo..    |
[   18.762708] cloud-init[819]: |   ..ooB.o *     |
[   18.763103] cloud-init[819]: |    +.+.X = .    |
[   18.763489] cloud-init[819]: |   o.. +S*..     |
[   18.763913] cloud-init[819]: |  o.o Eo+o. .    |
[   18.764311] cloud-init[819]: |  .o = . . .     |
[   18.764732] cloud-init[819]: |   o+            |
[   18.765099] cloud-init[819]: |  . ..           |
[   18.765577] cloud-init[819]: +----[SHA256]-----+
[   18.766004] cloud-init[819]: Generating public/private ed25519 key pair.
[   18.766741] cloud-init[819]: Your identification has been saved in /etc/ssh/ssh_host_ed25519_key.
[   18.767588] cloud-init[819]: Your public key has been saved in /etc/ssh/ssh_host_ed25519_key.pub.
[   18.768428] cloud-init[819]: The key fingerprint is:
[   18.768912] cloud-init[819]: SHA256:+QksP161RSSkQJwQsUSMqI6jdzsEEEshnokcS1ubvhA root@ubuntu-bionic
[   18.769621] cloud-init[819]: The key's randomart image is:
[   18.770031] cloud-init[819]: +--[ED25519 256]--+
[   18.770399] cloud-init[819]: |o*.o +**o. .o .  |
[   18.770769] cloud-init[819]: |O.O +...o. . o   |
[   18.771175] cloud-init[819]: |oE o  .   .   .  |
[   18.771535] cloud-init[819]: |. +    . .   .   |
[   18.771900] cloud-init[819]: |o. o  . S   . .  |
[   18.772254] cloud-init[819]: |o.. o  o o o o   |
[   18.772613] cloud-init[819]: |.. o    o + .    |
[   18.772981] cloud-init[819]: |. . o  . o       |
[   18.773358] cloud-init[819]: | . ..o  .        |
[   18.773722] cloud-init[819]: +----[SHA256]-----+
[[0;32m  OK  [0m] Started Initial cloud-init job (metadata service crawler).
[[0;32m  OK  [0m] Reached target System Initialization.
[[0;32m  OK  [0m] Started Message of the Day.
         Starting Socket activation for snappy daemon.
[[0;32m  OK  [0m] Started Discard unused blocks once a week.
[[0;32m  OK  [0m] Listening on UUID daemon activation socket.
[[0;32m  OK  [0m] Started Daily apt download activities.
[[0;32m  OK  [0m] Started ACPI Events Check.
[[0;32m  OK  [0m] Listening on Open-iSCSI iscsid Socket.
[[0;32m  OK  [0m] Started Daily apt upgrade and clean activities.
         Starting LXD - unix socket.
[[0;32m  OK  [0m] Listening on D-Bus System Message Bus Socket.
[[0;32m  OK  [0m] Started Daily Cleanup of Temporary Directories.
[[0;32m  OK  [0m] Reached target Paths.
[[0;32m  OK  [0m] Reached target Timers.
[[0;32m  OK  [0m] Listening on ACPID Listen Socket.
[[0;32m  OK  [0m] Reached target Cloud-config availability.
[[0;32m  OK  [0m] Reached target Network is Online.
         Starting Availability of block devices...
[[0;32m  OK  [0m] Reached target Remote File Systems (Pre).
[[0;32m  OK  [0m] Reached target Remote File Systems.
[[0;32m  OK  [0m] Listening on Socket activation for snappy daemon.
[[0;32m  OK  [0m] Listening on LXD - unix socket.
[[0;32m  OK  [0m] Reached target Sockets.
[[0;32m  OK  [0m] Reached target Basic System.
         Starting LSB: Record successful boot for GRUB...
         Starting Accounts Service...
[[0;32m  OK  [0m] Started Regular background program processing daemon.
[[0;32m  OK  [0m] Started D-Bus System Message Bus.
         Starting Dispatcher daemon for systemd-networkd...
         Starting Pollinate to seed the pseudo random number generator...
         Starting LSB: automatic crash report generation...
         Starting System Logging Service...
         Starting Login Service...
[[0;32m  OK  [0m] Started Deferred execution scheduler.
         Starting Virtualbox guest utils...
[[0;32m  OK  [0m] Started FUSE filesystem for LXC.
         Starting LXD - container startup/shutdown...
         Starting Permit User Sessions...
[[0;32m  OK  [0m] Started irqbalance daemon.
         Starting Snap Daemon...
[[0;32m  OK  [0m] Started System Logging Service.
[[0;32m  OK  [0m] Started Availability of block devices.
[[0;32m  OK  [0m] Started Permit User Sessions.
[[0;32m  OK  [0m] Started Login Service.
[[0;32m  OK  [0m] Started Unattended Upgrades Shutdown.
         Starting Authorization Manager...
         Starting Hold until boot process finishes up...
         Starting Terminate Plymouth Boot Screen...
[[0;32m  OK  [0m] Started Hold until boot process finishes up.
[[0;32m  OK  [0m] Started Serial Getty on ttyS0.
         Starting Set console scheme...
[[0;32m  OK  [0m] Started Terminate Plymouth Boot Screen.
[[0;32m  OK  [0m] Started LSB: automatic crash report generation.
[[0;32m  OK  [0m] Started Authorization Manager.
[[0;32m  OK  [0m] Started Accounts Service.
[[0;32m  OK  [0m] Started Set console scheme.
[[0;32m  OK  [0m] Created slice system-getty.slice.
[[0;32m  OK  [0m] Started Getty on tty1.
[[0;32m  OK  [0m] Reached target Login Prompts.
[[0;32m  OK  [0m] Started LSB: Record successful boot for GRUB.
[[0;32m  OK  [0m] Started Virtualbox guest utils.
[[0;32m  OK  [0m] Started LXD - container startup/shutdown.
[[0;32m  OK  [0m] Started Dispatcher daemon for systemd-networkd.
[[0;32m  OK  [0m] Started Snap Daemon.
         Starting Wait until snapd is fully seeded...
[[0;32m  OK  [0m] Started Pollinate to seed the pseudo random number generator.
         Starting OpenBSD Secure Shell server...
[[0;32m  OK  [0m] Started OpenBSD Secure Shell server.
[[0;32m  OK  [0m] Created slice User Slice of vagrant.
         Starting User Manager for UID 1000...
[[0;32m  OK  [0m] Started Session 1 of user vagrant.
[[0;32m  OK  [0m] Started User Manager for UID 1000.
[[0;32m  OK  [0m] Started Wait until snapd is fully seeded.
         Starting Apply the settings specified in cloud-config...
[[0;32m  OK  [0m] Reached target Multi-User System.
[[0;32m  OK  [0m] Reached target Graphical Interface.
         Starting Update UTMP about System Runlevel Changes...
[[0;32m  OK  [0m] Started Update UTMP about System Runlevel Changes.
[   21.652137] cloud-init[1465]: Cloud-init v. 20.3-2-g371b392c-0ubuntu1~18.04.1 running 'modules:config' at Fri, 12 Mar 2021 22:23:57 +0000. Up 21.25 seconds.
[[0;32m  OK  [0m] Started Apply the settings specified in cloud-config.
         Starting Execute cloud user/final scripts...
ci-info: no authorized SSH keys fingerprints found for user ubuntu.
<14>Mar 12 22:23:58 ec2: 
<14>Mar 12 22:23:58 ec2: #############################################################
<14>Mar 12 22:23:58 ec2: -----BEGIN SSH HOST KEY FINGERPRINTS-----
<14>Mar 12 22:23:58 ec2: 1024 SHA256:YI/u2NQq3Hn2ZnSNPd5b939VXfhunOpwNfFQK1lNyU4 root@ubuntu-bionic (DSA)
<14>Mar 12 22:23:58 ec2: 256 SHA256:ZieAdHMVNEatmSbJZG5rdwQDi6rbA5XF6Jf5MamCn3E root@ubuntu-bionic (ECDSA)
<14>Mar 12 22:23:58 ec2: 256 SHA256:+QksP161RSSkQJwQsUSMqI6jdzsEEEshnokcS1ubvhA root@ubuntu-bionic (ED25519)
<14>Mar 12 22:23:58 ec2: 2048 SHA256:H+s81ED21ARFhJM6cKYagNxZfq4fMM5qI4vgwXtuK9Y root@ubuntu-bionic (RSA)
<14>Mar 12 22:23:58 ec2: -----END SSH HOST KEY FINGERPRINTS-----
<14>Mar 12 22:23:58 ec2: #############################################################
-----BEGIN SSH HOST KEY KEYS-----
ecdsa-sha2-nistp256 AAAAE2VjZHNhLXNoYTItbmlzdHAyNTYAAAAIbmlzdHAyNTYAAABBBHz5hPJvSqz5H3JAdEGmbR6/UiADQOt4ewoxn371YqrTdf1/f40XBSthbPEa7/I6ENfzy33JONfjgwCGr+QzQ7E= root@ubuntu-bionic
ssh-ed25519 AAAAC3NzaC1lZDI1NTE5AAAAIOz0gxCAIOCOz85i4pNDUm9vOB2seafs70cgCc+6P47m root@ubuntu-bionic
ssh-rsa AAAAB3NzaC1yc2EAAAADAQABAAABAQC/P9ImYraGy9NXptzVlC9iTKV7AkClC1dqNPqx92cvVdwUWlTK+L42AW6Ss45qVyv8CrP+HV4CrhYy0l9TxIeQtpnqOmnx8tALxokreOI4uYjxQ02JhTnKoqnjNJj4Nh6/ttGnQ4eghznZepcy5vlEuA3kki5KEyTFU10FHvL9vpWQfBznLCkkZzIowgm+9ML5QSIJqUEBrZ2CE5FoU0qiT4OVu31UAjWDYKHQXtg3p1gSf8w8MlWydKBv9Xlt64jsmX3q5ISGi1mNVv9yI91dyzbCHZ/ITvtE/m+qVvSUz8E/Ao5LoBC2CUMh7NZx5bX5AUzHfCdqX9r+R3ZA6gC9 root@ubuntu-bionic
-----END SSH HOST KEY KEYS-----
[   22.055124] cloud-init[1578]: Cloud-init v. 20.3-2-g371b392c-0ubuntu1~18.04.1 running 'modules:final' at Fri, 12 Mar 2021 22:23:57 +0000. Up 21.95 seconds.
[   22.056066] cloud-init[1578]: ci-info: no authorized SSH keys fingerprints found for user ubuntu.
[   22.056823] cloud-init[1578]: Cloud-init v. 20.3-2-g371b392c-0ubuntu1~18.04.1 finished at Fri, 12 Mar 2021 22:23:58 +0000. Datasource DataSourceNoCloud [seed=/dev/sdb][dsmode=net].  Up 22.04 seconds
[[0;32m  OK  [0m] Started Execute cloud user/final scripts.
[[0;32m  OK  [0m] Reached target Cloud-init target.

Ubuntu 18.04.5 LTS ubuntu-bionic ttyS0

ubuntu-bionic login: 